build/app/outputs/mapping/release/seeds.txt
com.example.yellowc.MainActivity: MainActivity()
com.example.yellowc.MainActivity
...
io.flutter.embedding.engine.mutatorsstack.FlutterMutatorsStack: java.util.List mutators
io.flutter.view.AccessibilityViewEmbedder: android.util.SparseArray flutterIdToOrigin
io.flutter.embedding.engine.FlutterJNI: io.flutter.view.FlutterCallbackInformation nativeLookupCallbackInformation(long)
io.flutter.embedding.engine.FlutterJNI: boolean loadLibraryCalled
androidx.lifecycle.LiveData$LifecycleBoundObserver
io.flutter.embedding.engine.FlutterJNI: void onSurfaceChanged(int,int)
io.flutter.view.AccessibilityViewEmbedder: java.util.Map embeddedViewToDisplayBounds
io.flutter.embedding.engine.FlutterJNI: void onDisplayOverlaySurface(int,int,int,int,int)
io.flutter.embedding.engine.FlutterJNI: void asyncWaitForVsync(long)
io.flutter.embedding.engine.FlutterJNI: void onFirstFrame()
io.flutter.embedding.engine.FlutterJNI: void nativeSurfaceChanged(long,int,int)
io.flutter.plugin.platform.SingleViewPresentation
io.flutter.embedding.engine.mutatorsstack.FlutterMutatorsStack: FlutterMutatorsStack()
io.flutter.embedding.engine.mutatorsstack.FlutterMutatorView: android.graphics.Matrix getPlatformViewMatrix()
io.flutter.plugin.platform.SingleViewPresentation: io.flutter.plugin.platform.SingleViewPresentation$PresentationState detachState()
androidx.core.app.CoreComponentFactory: CoreComponentFactory()
androidx.lifecycle.Lifecycle$Event: androidx.lifecycle.Lifecycle$Event[] $VALUES
io.flutter.plugin.editing.ImeSyncDeferringInsetsCallback: int deferredInsetTypes
io.flutter.view.FlutterCallbackInformation: FlutterCallbackInformation(java.lang.String,java.lang.String,java.lang.String)
androidx.lifecycle.Lifecycle$Event: androidx.lifecycle.Lifecycle$Event[] values()
io.flutter.embedding.engine.mutatorsstack.FlutterMutatorsStack$FlutterMutatorType: io.flutter.embedding.engine.mutatorsstack.FlutterMutatorsStack$FlutterMutatorType valueOf(java.lang.String)
io.flutter.embedding.engine.FlutterJNI: void nativeDestroy(long)
io.flutter.view.AccessibilityViewEmbedder
io.flutter.embedding.android.FlutterSplashView$SavedState: android.os.Bundle access$702(io.flutter.embedding.android.FlutterSplashView$SavedState,android.os.Bundle)
androidx.versionedparcelable.CustomVersionedParcelable
io.flutter.view.AccessibilityViewEmbedder: int nextFlutterId
io.flutter.embedding.engine.FlutterJNI: void requestDartDeferredLibrary(int)
io.flutter.embedding.android.TransparencyMode: io.flutter.embedding.android.TransparencyMode[] values()
android.support.v4.app.RemoteActionCompatParcelizer: RemoteActionCompatParcelizer()
io.flutter.embedding.engine.mutatorsstack.FlutterMutatorsStack$FlutterMutatorType: io.flutter.embedding.engine.mutatorsstack.FlutterMutatorsStack$FlutterMutatorType[] values()
io.flutter.view.AccessibilityBridge$TextDirection: io.flutter.view.AccessibilityBridge$TextDirection valueOf(java.lang.String)
io.flutter.embedding.engine.FlutterJNI: long nativeAttach(io.flutter.embedding.engine.FlutterJNI,boolean)
io.flutter.embedding.engine.FlutterJNI: void destroyOverlaySurfaces()
io.flutter.embedding.engine.FlutterJNI: java.lang.Long nativeShellHolderId
androidx.lifecycle.SingleGeneratedAdapterObserver
io.flutter.embedding.engine.FlutterJNI: void prefetchDefaultFontManager()
io.flutter.embedding.engine.FlutterJNI: void nativeDispatchEmptyPlatformMessage(long,java.lang.String,int)
io.flutter.embedding.engine.FlutterJNI: boolean nativeFlutterTextUtilsIsEmojiModifierBase(int)
io.flutter.embedding.engine.FlutterJNI: void nativePrefetchDefaultFontManager()
io.flutter.embedding.engine.FlutterJNI: void setPlatformMessageHandler(io.flutter.embedding.engine.dart.PlatformMessageHandler)
io.flutter.embedding.engine.FlutterJNI: boolean nativeFlutterTextUtilsIsEmoji(int)
io.flutter.view.FlutterCallbackInformation: io.flutter.view.FlutterCallbackInformation lookupCallbackInformation(long)
io.flutter.embedding.engine.plugins.lifecycle.HiddenLifecycleReference: androidx.lifecycle.Lifecycle getLifecycle()