build/app/outputs/mapping/release/usage.txt
com.example.yellowc.R$string
com.example.yellowc.R
com.example.yellowc.R$styleable
com.example.yellowc.R$xml
com.example.yellowc.BuildConfig
com.example.yellowc.R$color
com.example.yellowc.R$mipmap
com.example.yellowc.R$layout
com.example.yellowc.R$attr
com.example.yellowc.R$drawable
com.example.yellowc.R$id
com.example.yellowc.R$style
com.example.yellowc.R$dimen
com.example.yellowc.R$integer
...
com.google.common.collect.AbstractSequentialIterator
io.flutter.plugin.common.PluginRegistry$ViewDestroyListener
com.google.common.primitives.Primitives
kotlin.annotation.Retention
com.google.common.primitives.ImmutableDoubleArray$1
kotlin.reflect.KProperty
com.google.common.collect.TreeMultiset
com.google.common.collect.StandardRowSortedTable
kotlin.text.CharCategory$Companion$categoryMap$2
com.google.common.base.Platform$JdkPatternCompiler
org.intellij.lang.annotations.RegExp
kotlin.native.concurrent.ThreadLocal
androidx.versionedparcelable.R
kotlin.text.Regex
androidx.core.app.NotificationManagerCompat
com.google.common.base.FunctionalEquivalence
androidx.core.app.RemoteInput$Source
kotlin.sequences.MergingSequence$iterator$1
androidx.core.app.NotificationManagerCompat$CancelTask
kotlin.jvm.internal.MutablePropertyReference1
androidx.collection.ArraySet
com.google.common.collect.HashMultiset
com.google.common.reflect.TypeToken
androidx.core.os.OperationCanceledException
com.google.common.hash.Striped64
com.google.common.eventbus.DeadEvent
androidx.savedstate.SavedStateRegistry:
    void <init>()
    public void registerSavedStateProvider(java.lang.String,androidx.savedstate.SavedStateRegistry$SavedStateProvider)
    public void unregisterSavedStateProvider(java.lang.String)
    public boolean isRestored()
    public void runOnNextRecreation(java.lang.Class)
    void performRestore(androidx.lifecycle.Lifecycle,android.os.Bundle)
    void performSave(android.os.Bundle)
    private androidx.arch.core.internal.SafeIterableMap mComponents
    private android.os.Bundle mRestoredState
    private boolean mRestored
    private androidx.savedstate.Recreator$SavedStateProvider mRecreatorProvider
    private static final java.lang.String SAVED_COMPONENTS_KEY
androidx.fragment.app.FragmentManagerViewModel$1
com.google.common.reflect.Types$2
com.google.common.collect.ImmutableMap$SerializedForm
com.google.common.collect.Multimaps$UnmodifiableSortedSetMultimap
com.google.common.graph.AbstractBaseGraph$IncidentEdgeSet
androidx.exifinterface.media.ExifInterface:
    public void <init>(java.io.File)
    public void <init>(java.io.FileDescriptor)
    public void <init>(java.io.InputStream)
    public void <init>(java.io.InputStream,int)
    public static boolean isSupportedMimeType(java.lang.String)
    private static java.lang.Long parseDateTime(java.lang.String,java.lang.String,java.lang.String)
    private static double convertRationalLatLonToDouble(java.lang.String,java.lang.String)
    private java.lang.String convertDecimalDegree(double)
    private static boolean isExifDataOnly(java.io.BufferedInputStream)
    public int getAttributeInt(java.lang.String,int)
    public double getAttributeDouble(java.lang.String,double)
    public void resetOrientation()
    public void rotate(int)
    public void flipVertically()
    public void flipHorizontally()
    public boolean isFlipped()
    public int getRotationDegrees()
    public boolean hasThumbnail()
    public boolean hasAttribute(java.lang.String)
    public android.graphics.Bitmap getThumbnailBitmap()
    public boolean isThumbnailCompressed()
    public long[] getThumbnailRange()
    public long[] getAttributeRange(java.lang.String)
    public byte[] getAttributeBytes(java.lang.String)
    public boolean getLatLong(float[])
    public double[] getLatLong()
    public void setGpsInfo(android.location.Location)
    public void setLatLong(double,double)
    public double getAltitude(double)
    public void setAltitude(double)
kotlin.internal.RequireKotlinVersionKind
com.google.common.util.concurrent.SmoothRateLimiter$SmoothBursty
androidx.core.text.PrecomputedTextCompat$Params
com.google.common.collect.ForwardingBlockingDeque
kotlin.jvm.internal.markers.KMutableIterator
kotlin.collections.SlidingWindowKt$windowedIterator$1
kotlin.collections.ArraysKt___ArraysJvmKt$asList$1
kotlin.text.StringsKt__StringsKt$iterator$1
kotlin.StandardKt
com.google.common.io.Files$3